Arguments: 
  D:\nodejs\node.exe D:\nodejs\node_modules\yarn\bin\yarn.js

PATH: 
  D:\NetSarang\Xftp 6\;C:\ProgramData\Oracle\Java\javapath;C:\Windows\system32;C:\Windows;C:\Windows\System32\Wbem;C:\Windows\System32\WindowsPowerShell\v1.0\;C:\Windows\System32\OpenSSH\;C:\Program Files (x86)\NVIDIA Corporation\PhysX\Common;C:\Program Files\NVIDIA Corporation\NVIDIA NvDLISR;C:\Program Files (x86)\Intel\Intel(R) Management Engine Components\DAL;C:\Program Files\Intel\Intel(R) Management Engine Components\DAL;C:\Program Files\Intel\WiFi\bin\;C:\Program Files\Common Files\Intel\WirelessCommon\;C:\WINDOWS\system32;C:\WINDOWS;C:\WINDOWS\System32\Wbem;C:\WINDOWS\System32\WindowsPowerShell\v1.0\;C:\WINDOWS\System32\OpenSSH\;C:\Program Files (x86)\dotnet\;D:\Git\cmd;C:\Program Files\MySQL\MySQL Server 8.0\bin;D:\nvm\nvm\v12.16.1;D:\nvm\nvm;D:\nodejs;D:\python-3.9.1-amd64\Scripts\;D:\python-3.9.1-amd64\;C:\Users\14497\AppData\Local\Microsoft\WindowsApps;D:\Microsoft VS Code\bin;D:\nvm\nvm;D:\nvm\nvm;D:\nodejs;

Yarn version: 
  1.22.19

Node version: 
  16.11.0

Platform: 
  win32 x64

Trace: 
  Error: https://registry.npmmirror.com/@kangc%2fv-md-editor: tunneling socket could not be established, cause=connect ECONNREFUSED 127.0.0.1:1181
      at ClientRequest.onError (D:\nvm\nvm\v16.11.0\node_modules\yarn\lib\cli.js:152376:17)
      at Object.onceWrapper (node:events:510:26)
      at ClientRequest.emit (node:events:390:28)
      at Socket.socketErrorListener (node:_http_client:447:9)
      at Socket.emit (node:events:390:28)
      at emitErrorNT (node:internal/streams/destroy:157:8)
      at emitErrorCloseNT (node:internal/streams/destroy:122:3)
      at processTicksAndRejections (node:internal/process/task_queues:83:21)

npm manifest: 
  {
    "name": "orginone-app",
    "private": true,
    "version": "0.0.0",
    "type": "module",
    "scripts": {
      "start": "vite",
      "dev": "vite",
      "build": "vue-tsc --noEmit && vite build",
      "build:zip": "vue-tsc --noEmit && vite build --mode zip",
      "lint:prettier": "check-prettier lint"
    },
    "dependencies": {
      "@kangc/v-md-editor": "^2.3.15",
      "@microsoft/signalr": "^6.0.7",
      "@types/qrcode": "^1.5.0",
      "@wcjiang/notify": "^2.1.0",
      "@yzfe/svgicon": "1.0.1",
      "@yzfe/vue3-svgicon": "1.0.1",
      "echarts": "^5.4.0",
      "element-china-area-data": "^5.0.2",
      "moment": "^2.29.4",
      "nprogress": "^0.2.0",
      "pako": "^2.0.4",
      "pinia-plugin-persist": "^1.0.0",
      "qrcode": "^1.5.1",
      "rollup-plugin-visualizer": "^5.7.1",
      "sass": "^1.54.0",
      "terser": "^5.14.2",
      "unplugin-auto-import": "^0.10.1",
      "unplugin-vue-components": "^0.21.1",
      "vite-plugin-auto-zip": "^1.0.4",
      "vite-plugin-compression": "^0.5.1",
      "vue": "^3.2.37",
      "vue-grid-layout": "^3.0.0-beta1"
    },
    "devDependencies": {
      "@element-plus/icons-vue": "^2.0.6",
      "@types/node": "^18.6.1",
      "@types/nprogress": "^0.2.0",
      "@typescript-eslint/eslint-plugin": "^5.36.2",
      "@typescript-eslint/parser": "^5.36.2",
      "@vitejs/plugin-vue": "^3.0.0",
      "@yzfe/svgicon-loader": "^1.0.1",
      "@yzfe/vue-cli-plugin-svgicon": "~1.0.1",
      "axios": "^0.27.2",
      "element-plus": "^2.2.16",
      "eslint": "^7.12.1",
      "eslint-config-airbnb-base": "14.2.1",
      "eslint-config-standard": "^17.0.0",
      "eslint-plugin-import": "^2.22.1",
      "eslint-plugin-node": "^11.1.0",
      "eslint-plugin-prettier": "^4.2.1",
      "eslint-plugin-promise": "^4.2.1",
      "eslint-plugin-vue": "^9.4.0",
      "mockjs": "^1.1.0",
      "moment": "^2.29.4",
      "nanoid": "^4.0.0",
      "pinia": "^2.0.16",
      "prettier": "^2.7.1",
      "qs": "^6.10.1",
      "typescript": "^4.6.4",
      "unplugin-icons": "^0.14.7",
      "vite": "^3.0.0",
      "vite-plugin-components": "^0.13.3",
      "vite-plugin-eslint": "^1.8.1",
      "vite-plugin-style-import": "^2.0.0",
      "vite-plugin-svg-icons": "^2.0.1",
      "vue-eslint-parser": "^9.0.3",
      "vue-router": "^4.1.2",
      "vue-tsc": "^0.38.4"
    }
  }

yarn manifest: 
  No manifest

Lockfile: 
  No lockfile
